<?xml version="1.0" encoding="UTF-8"?>
<testng-results ignored="0" total="1" passed="1" failed="0" skipped="0">
  <reporter-output>
  </reporter-output>
  <suite started-at="2023-09-09T15:49:19 IST" name="Default suite" finished-at="2023-09-09T15:49:45 IST" duration-ms="26366">
    <groups>
    </groups>
    <test started-at="2023-09-09T15:49:19 IST" name="Default test" finished-at="2023-09-09T15:49:45 IST" duration-ms="26366">
      <class name="mandatoryHomeWork.selenium.day1.JiraAutomation">
        <test-method signature="setup()[pri:0, instance:mandatoryHomeWork.selenium.day1.JiraAutomation@223191a6]" started-at="2023-09-09T15:49:19 IST" name="setup" finished-at="2023-09-09T15:49:45 IST" duration-ms="26319" status="PASS">
          <reporter-output>
          </reporter-output>
        </test-method> <!-- setup -->
      </class> <!-- mandatoryHomeWork.selenium.day1.JiraAutomation -->
    </test> <!-- Default test -->
  </suite> <!-- Default suite -->
</testng-results>
